DEPRECATION WARNING: config.action_view.debug_rjs will be removed in 3.1, from 3.1 onwards you will need to install prototype-rails to continue to use RJS templates . (called from service at /home/user/.rvm/rubies/ruby-1.9.2-p290/lib/ruby/1.9.1/webrick/httpserver.rb:111)
DEPRECATION WARNING: config.action_view.debug_rjs will be removed in 3.1, from 3.1 onwards you will need to install prototype-rails to continue to use RJS templates . (called from service at /home/user/.rvm/rubies/ruby-1.9.2-p290/lib/ruby/1.9.1/webrick/httpserver.rb:111)


Started GET "/" for 127.0.0.1 at 2012-11-02 11:02:19 +0530

ActionController::RoutingError (No route matches "/"):
  

Rendered /home/user/.rvm/gems/ruby-1.9.2-p290/gems/actionpack-3.0.11/lib/action_dispatch/middleware/templates/rescues/routing_error.erb within rescues/layout (1.0ms)
DEPRECATION WARNING: config.action_view.debug_rjs will be removed in 3.1, from 3.1 onwards you will need to install prototype-rails to continue to use RJS templates . (called from service at /home/user/.rvm/rubies/ruby-1.9.2-p290/lib/ruby/1.9.1/webrick/httpserver.rb:111)


Started GET "/" for 127.0.0.1 at 2012-11-02 11:04:27 +0530

AbstractController::ActionNotFound (The action 'get' could not be found for ProcessCollectController):
  

Rendered /home/user/.rvm/gems/ruby-1.9.2-p290/gems/actionpack-3.0.11/lib/action_dispatch/middleware/templates/rescues/unknown_action.erb within rescues/layout (0.8ms)
DEPRECATION WARNING: config.action_view.debug_rjs will be removed in 3.1, from 3.1 onwards you will need to install prototype-rails to continue to use RJS templates . (called from service at /home/user/.rvm/rubies/ruby-1.9.2-p290/lib/ruby/1.9.1/webrick/httpserver.rb:111)


Started GET "/" for 127.0.0.1 at 2012-11-02 11:04:51 +0530
  Processing by ProcessCollectController#get_process as HTML
Completed 500 Internal Server Error in 27ms

ActionView::MissingTemplate (Missing template process_collect/get_process with {:handlers=>[:erb, :rjs, :builder, :rhtml, :rxml], :formats=>[:html], :locale=>[:en, :en]} in view paths "/home/user/Desktop/seeni_project/test_app/app/views"):
  

Rendered /home/user/.rvm/gems/ruby-1.9.2-p290/gems/actionpack-3.0.11/lib/action_dispatch/middleware/templates/rescues/missing_template.erb within rescues/layout (1.1ms)


Started GET "/" for 127.0.0.1 at 2012-11-02 11:05:16 +0530
  Processing by ProcessCollectController#get_process as HTML
Rendered text template (0.0ms)
Completed 200 OK in 24ms (Views: 23.6ms | ActiveRecord: 0.0ms)


Started GET "/" for 127.0.0.1 at 2012-11-02 11:06:02 +0530
  Processing by ProcessCollectController#get_process as HTML
Rendered text template (0.0ms)
Completed 200 OK in 26499ms (Views: 1.5ms | ActiveRecord: 0.0ms)
DEPRECATION WARNING: config.action_view.debug_rjs will be removed in 3.1, from 3.1 onwards you will need to install prototype-rails to continue to use RJS templates . (called from service at /home/user/.rvm/rubies/ruby-1.9.2-p290/lib/ruby/1.9.1/webrick/httpserver.rb:111)


Started GET "/" for 127.0.0.1 at 2012-11-02 11:08:28 +0530
  Processing by ProcessCollectController#get_process as HTML
Rendered text template (0.0ms)
Completed 200 OK in 54ms (Views: 13.2ms | ActiveRecord: 0.0ms)


Started GET "/" for 127.0.0.1 at 2012-11-02 11:09:18 +0530
  Processing by ProcessCollectController#get_process as HTML
Rendered text template (0.0ms)
Completed 200 OK in 25646ms (Views: 0.9ms | ActiveRecord: 0.0ms)
DEPRECATION WARNING: config.action_view.debug_rjs will be removed in 3.1, from 3.1 onwards you will need to install prototype-rails to continue to use RJS templates . (called from service at /home/user/.rvm/rubies/ruby-1.9.2-p290/lib/ruby/1.9.1/webrick/httpserver.rb:111)


Started GET "/" for 127.0.0.1 at 2012-11-02 11:10:15 +0530
  Processing by ProcessCollectController#get_process as HTML
Rendered text template (0.0ms)
Completed 200 OK in 59ms (Views: 12.1ms | ActiveRecord: 0.0ms)


Started GET "/" for 127.0.0.1 at 2012-11-02 11:12:19 +0530
  Processing by ProcessCollectController#get_process as HTML
Rendered text template (0.0ms)
Completed 200 OK in 22ms (Views: 0.9ms | ActiveRecord: 0.0ms)


Started GET "/" for 127.0.0.1 at 2012-11-02 11:13:22 +0530
  Processing by ProcessCollectController#get_process as HTML
Rendered text template (0.0ms)
Completed 200 OK in 21ms (Views: 0.8ms | ActiveRecord: 0.0ms)


Started GET "/" for 127.0.0.1 at 2012-11-02 11:13:42 +0530
  Processing by ProcessCollectController#get_process as HTML
Rendered text template (0.0ms)
Completed 200 OK in 20ms (Views: 0.9ms | ActiveRecord: 0.0ms)


Started GET "/" for 127.0.0.1 at 2012-11-02 11:14:37 +0530
  Processing by ProcessCollectController#get_process as HTML
Rendered text template (0.0ms)
Completed 200 OK in 21ms (Views: 1.0ms | ActiveRecord: 0.0ms)


Started GET "/" for 127.0.0.1 at 2012-11-02 11:14:47 +0530
  Processing by ProcessCollectController#get_process as HTML
Rendered text template (0.0ms)
Completed 200 OK in 20ms (Views: 0.9ms | ActiveRecord: 0.0ms)


Started GET "/" for 127.0.0.1 at 2012-11-02 11:15:23 +0530
  Processing by ProcessCollectController#get_process as HTML
Rendered text template (0.0ms)
Completed 200 OK in 21ms (Views: 0.8ms | ActiveRecord: 0.0ms)


Started GET "/" for 127.0.0.1 at 2012-11-02 11:15:47 +0530
  Processing by ProcessCollectController#get_process as HTML
Rendered text template (0.0ms)
Completed 200 OK in 21ms (Views: 0.9ms | ActiveRecord: 0.0ms)


Started GET "/" for 127.0.0.1 at 2012-11-02 11:16:28 +0530
  Processing by ProcessCollectController#get_process as HTML
Rendered text template (0.0ms)
Completed 200 OK in 20ms (Views: 0.9ms | ActiveRecord: 0.0ms)


Started GET "/" for 127.0.0.1 at 2012-11-02 11:17:09 +0530
  Processing by ProcessCollectController#get_process as HTML
Rendered text template (0.0ms)
Completed 200 OK in 21ms (Views: 0.9ms | ActiveRecord: 0.0ms)


Started GET "/" for 127.0.0.1 at 2012-11-02 11:17:41 +0530
  Processing by ProcessCollectController#get_process as HTML
Rendered text template (0.0ms)
Completed 200 OK in 21ms (Views: 0.8ms | ActiveRecord: 0.0ms)


Started GET "/" for 127.0.0.1 at 2012-11-02 11:18:16 +0530
  Processing by ProcessCollectController#get_process as HTML
Rendered text template (0.0ms)
Completed 200 OK in 22ms (Views: 1.5ms | ActiveRecord: 0.0ms)


Started GET "/" for 127.0.0.1 at 2012-11-02 11:18:37 +0530
  Processing by ProcessCollectController#get_process as HTML
Rendered text template (0.0ms)
Completed 200 OK in 22ms (Views: 0.9ms | ActiveRecord: 0.0ms)


Started GET "/" for 127.0.0.1 at 2012-11-02 11:21:23 +0530
  Processing by ProcessCollectController#get_process as HTML
Rendered text template (0.0ms)
Completed 200 OK in 23ms (Views: 0.9ms | ActiveRecord: 0.0ms)


Started GET "/" for 127.0.0.1 at 2012-11-02 11:22:32 +0530
  Processing by ProcessCollectController#get_process as HTML
Rendered text template (0.0ms)
Completed 200 OK in 21ms (Views: 0.8ms | ActiveRecord: 0.0ms)


Started GET "/" for 127.0.0.1 at 2012-11-02 11:24:30 +0530
  Processing by ProcessCollectController#get_process as HTML
Rendered text template (0.0ms)
Completed 200 OK in 21ms (Views: 0.8ms | ActiveRecord: 0.0ms)


Started GET "/" for 127.0.0.1 at 2012-11-02 11:25:37 +0530
  Processing by ProcessCollectController#get_process as HTML
Rendered text template (0.0ms)
Completed 200 OK in 23ms (Views: 2.3ms | ActiveRecord: 0.0ms)


Started GET "/" for 127.0.0.1 at 2012-11-02 11:28:29 +0530
  Processing by ProcessCollectController#get_process as HTML
Rendered text template (0.0ms)
Completed 200 OK in 67ms (Views: 1.1ms | ActiveRecord: 0.0ms)


Started GET "/" for 127.0.0.1 at 2012-11-02 11:28:43 +0530
  Processing by ProcessCollectController#get_process as HTML
Rendered text template (0.0ms)
Completed 200 OK in 26ms (Views: 1.0ms | ActiveRecord: 0.0ms)


Started GET "/" for 127.0.0.1 at 2012-11-02 11:29:04 +0530
  Processing by ProcessCollectController#get_process as HTML
Rendered text template (0.0ms)
Completed 200 OK in 52ms (Views: 0.9ms | ActiveRecord: 0.0ms)


Started GET "/" for 127.0.0.1 at 2012-11-02 11:29:39 +0530
  Processing by ProcessCollectController#get_process as HTML
Rendered text template (0.0ms)
Completed 200 OK in 22ms (Views: 0.9ms | ActiveRecord: 0.0ms)


Started GET "/" for 127.0.0.1 at 2012-11-02 11:30:00 +0530
  Processing by ProcessCollectController#get_process as HTML
Rendered text template (0.0ms)
Completed 200 OK in 22ms (Views: 0.8ms | ActiveRecord: 0.0ms)


Started GET "/" for 127.0.0.1 at 2012-11-02 11:30:04 +0530
  Processing by ProcessCollectController#get_process as HTML
Rendered text template (0.0ms)
Completed 200 OK in 22ms (Views: 0.8ms | ActiveRecord: 0.0ms)


Started GET "/" for 127.0.0.1 at 2012-11-02 11:30:21 +0530
  Processing by ProcessCollectController#get_process as HTML
Rendered text template (0.0ms)
Completed 200 OK in 22ms (Views: 1.0ms | ActiveRecord: 0.0ms)


Started GET "/" for 127.0.0.1 at 2012-11-02 11:30:56 +0530
  Processing by ProcessCollectController#get_process as HTML
Completed 500 Internal Server Error in 22ms

NoMethodError (undefined method `sort' for #<String:0x99f2ce4>):
  app/controllers/process_collect_controller.rb:8:in `get_process'

Rendered /home/user/.rvm/gems/ruby-1.9.2-p290/gems/actionpack-3.0.11/lib/action_dispatch/middleware/templates/rescues/_trace.erb (1.6ms)
Rendered /home/user/.rvm/gems/ruby-1.9.2-p290/gems/actionpack-3.0.11/lib/action_dispatch/middleware/templates/rescues/_request_and_response.erb (3.3ms)
Rendered /home/user/.rvm/gems/ruby-1.9.2-p290/gems/actionpack-3.0.11/lib/action_dispatch/middleware/templates/rescues/diagnostics.erb within rescues/layout (9.9ms)


Started GET "/" for 127.0.0.1 at 2012-11-02 11:31:08 +0530
  Processing by ProcessCollectController#get_process as HTML
Completed 500 Internal Server Error in 21ms

NoMethodError (undefined method `to_a' for #<String:0x923fb00>):
  app/controllers/process_collect_controller.rb:8:in `get_process'

Rendered /home/user/.rvm/gems/ruby-1.9.2-p290/gems/actionpack-3.0.11/lib/action_dispatch/middleware/templates/rescues/_trace.erb (1.3ms)
Rendered /home/user/.rvm/gems/ruby-1.9.2-p290/gems/actionpack-3.0.11/lib/action_dispatch/middleware/templates/rescues/_request_and_response.erb (2.2ms)
Rendered /home/user/.rvm/gems/ruby-1.9.2-p290/gems/actionpack-3.0.11/lib/action_dispatch/middleware/templates/rescues/diagnostics.erb within rescues/layout (6.8ms)


Started GET "/" for 127.0.0.1 at 2012-11-02 11:31:34 +0530
  Processing by ProcessCollectController#get_process as HTML
Rendered text template (0.0ms)
Completed 200 OK in 23ms (Views: 0.8ms | ActiveRecord: 0.0ms)


Started GET "/" for 127.0.0.1 at 2012-11-02 11:32:47 +0530
  Processing by ProcessCollectController#get_process as HTML
Rendered text template (0.0ms)
Completed 200 OK in 82ms (Views: 0.9ms | ActiveRecord: 0.0ms)


Started GET "/" for 127.0.0.1 at 2012-11-02 11:33:11 +0530
  Processing by ProcessCollectController#get_process as HTML
Rendered text template (0.0ms)
Completed 200 OK in 24ms (Views: 1.0ms | ActiveRecord: 0.0ms)


Started GET "/" for 127.0.0.1 at 2012-11-02 11:34:38 +0530
  Processing by ProcessCollectController#get_process as HTML
Rendered text template (0.0ms)
Completed 200 OK in 22ms (Views: 0.8ms | ActiveRecord: 0.0ms)


Started GET "/" for 127.0.0.1 at 2012-11-02 11:34:53 +0530
  Processing by ProcessCollectController#get_process as HTML
Rendered text template (0.0ms)
Completed 200 OK in 25ms (Views: 0.9ms | ActiveRecord: 0.0ms)


Started GET "/" for 127.0.0.1 at 2012-11-02 11:35:06 +0530
  Processing by ProcessCollectController#get_process as HTML
Rendered text template (0.0ms)
Completed 200 OK in 23ms (Views: 0.8ms | ActiveRecord: 0.0ms)


Started GET "/" for 127.0.0.1 at 2012-11-02 11:35:16 +0530
  Processing by ProcessCollectController#get_process as HTML
Rendered text template (0.0ms)
Completed 200 OK in 22ms (Views: 0.9ms | ActiveRecord: 0.0ms)


Started GET "/" for 127.0.0.1 at 2012-11-02 11:35:25 +0530
  Processing by ProcessCollectController#get_process as HTML
Rendered text template (0.0ms)
Completed 200 OK in 24ms (Views: 0.8ms | ActiveRecord: 0.0ms)


Started GET "/" for 127.0.0.1 at 2012-11-02 11:35:41 +0530
  Processing by ProcessCollectController#get_process as HTML
Rendered text template (0.0ms)
Completed 200 OK in 23ms (Views: 0.8ms | ActiveRecord: 0.0ms)


Started GET "/" for 127.0.0.1 at 2012-11-02 11:35:48 +0530
  Processing by ProcessCollectController#get_process as HTML
Rendered text template (0.0ms)
Completed 200 OK in 23ms (Views: 0.9ms | ActiveRecord: 0.0ms)


Started GET "/" for 127.0.0.1 at 2012-11-02 11:38:53 +0530
  Processing by ProcessCollectController#get_process as HTML
Rendered text template (0.0ms)
Completed 200 OK in 55ms (Views: 1.2ms | ActiveRecord: 0.0ms)


Started GET "/" for 127.0.0.1 at 2012-11-02 11:39:33 +0530
  Processing by ProcessCollectController#get_process as HTML
Rendered text template (0.0ms)
Completed 200 OK in 26ms (Views: 0.9ms | ActiveRecord: 0.0ms)


Started GET "/" for 127.0.0.1 at 2012-11-02 11:39:58 +0530
  Processing by ProcessCollectController#get_process as HTML
Rendered text template (0.0ms)
Completed 200 OK in 23ms (Views: 0.8ms | ActiveRecord: 0.0ms)


Started GET "/" for 127.0.0.1 at 2012-11-02 11:44:30 +0530
  Processing by ProcessCollectController#get_process as HTML
Rendered text template (0.0ms)
Completed 200 OK in 525ms (Views: 0.9ms | ActiveRecord: 0.0ms)


Started GET "/" for 127.0.0.1 at 2012-11-02 11:50:23 +0530
  Processing by ProcessCollectController#get_process as HTML
Rendered text template (0.0ms)
Completed 200 OK in 525ms (Views: 1.3ms | ActiveRecord: 0.0ms)


Started GET "/" for 127.0.0.1 at 2012-11-02 11:50:54 +0530
  Processing by ProcessCollectController#get_process as HTML
Rendered text template (0.0ms)
Completed 200 OK in 525ms (Views: 1.3ms | ActiveRecord: 0.0ms)


Started GET "/" for 127.0.0.1 at 2012-11-02 11:54:19 +0530
  Processing by ProcessCollectController#get_process as HTML
Rendered text template (0.0ms)
Completed 200 OK in 528ms (Views: 1.3ms | ActiveRecord: 0.0ms)


Started GET "/" for 127.0.0.1 at 2012-11-02 11:55:03 +0530
  Processing by ProcessCollectController#get_process as HTML
Rendered text template (0.0ms)
Completed 200 OK in 525ms (Views: 1.3ms | ActiveRecord: 0.0ms)


Started GET "/" for 127.0.0.1 at 2012-11-02 11:56:58 +0530
  Processing by ProcessCollectController#get_process as HTML
Rendered text template (0.0ms)
Completed 200 OK in 525ms (Views: 0.9ms | ActiveRecord: 0.0ms)


Started GET "/" for 127.0.0.1 at 2012-11-02 11:57:11 +0530
  Processing by ProcessCollectController#get_process as HTML
Rendered text template (0.0ms)
Completed 200 OK in 526ms (Views: 1.4ms | ActiveRecord: 0.0ms)


Started GET "/" for 127.0.0.1 at 2012-11-02 11:58:05 +0530
  Processing by ProcessCollectController#get_process as HTML
Rendered text template (0.0ms)
Completed 200 OK in 525ms (Views: 0.9ms | ActiveRecord: 0.0ms)


Started GET "/" for 127.0.0.1 at 2012-11-02 11:58:15 +0530
  Processing by ProcessCollectController#get_process as HTML
Rendered text template (0.0ms)
Completed 200 OK in 526ms (Views: 1.3ms | ActiveRecord: 0.0ms)


Started GET "/" for 127.0.0.1 at 2012-11-02 11:58:23 +0530
  Processing by ProcessCollectController#get_process as HTML
Rendered text template (0.0ms)
Completed 200 OK in 523ms (Views: 0.8ms | ActiveRecord: 0.0ms)


Started GET "/" for 127.0.0.1 at 2012-11-02 11:59:21 +0530
  Processing by ProcessCollectController#get_process as HTML
Rendered text template (0.0ms)
Completed 200 OK in 526ms (Views: 1.3ms | ActiveRecord: 0.0ms)


Started GET "/" for 127.0.0.1 at 2012-11-02 11:59:30 +0530
  Processing by ProcessCollectController#get_process as HTML
Rendered text template (0.0ms)
Completed 200 OK in 527ms (Views: 1.3ms | ActiveRecord: 0.0ms)


Started GET "/" for 127.0.0.1 at 2012-11-02 11:59:52 +0530
  Processing by ProcessCollectController#get_process as HTML
Rendered text template (0.0ms)
Completed 200 OK in 526ms (Views: 1.3ms | ActiveRecord: 0.0ms)


Started GET "/" for 127.0.0.1 at 2012-11-02 12:00:37 +0530
  Processing by ProcessCollectController#get_process as HTML
Rendered text template (0.0ms)
Completed 200 OK in 525ms (Views: 1.4ms | ActiveRecord: 0.0ms)


Started GET "/" for 127.0.0.1 at 2012-11-02 12:00:58 +0530
  Processing by ProcessCollectController#get_process as HTML
Rendered text template (0.0ms)
Completed 200 OK in 526ms (Views: 1.3ms | ActiveRecord: 0.0ms)


Started GET "/" for 127.0.0.1 at 2012-11-02 12:01:30 +0530
  Processing by ProcessCollectController#get_process as HTML
Completed 500 Internal Server Error in 525ms

TypeError (can't convert String into Integer):
  app/controllers/process_collect_controller.rb:9:in `[]'
  app/controllers/process_collect_controller.rb:9:in `block in get_process'
  app/controllers/process_collect_controller.rb:8:in `each'
  app/controllers/process_collect_controller.rb:8:in `get_process'

Rendered /home/user/.rvm/gems/ruby-1.9.2-p290/gems/actionpack-3.0.11/lib/action_dispatch/middleware/templates/rescues/_trace.erb (1.3ms)
Rendered /home/user/.rvm/gems/ruby-1.9.2-p290/gems/actionpack-3.0.11/lib/action_dispatch/middleware/templates/rescues/_request_and_response.erb (2.0ms)
Rendered /home/user/.rvm/gems/ruby-1.9.2-p290/gems/actionpack-3.0.11/lib/action_dispatch/middleware/templates/rescues/diagnostics.erb within rescues/layout (6.4ms)


Started GET "/" for 127.0.0.1 at 2012-11-02 12:01:54 +0530
  Processing by ProcessCollectController#get_process as HTML
Rendered text template (0.0ms)
Completed 200 OK in 525ms (Views: 0.9ms | ActiveRecord: 0.0ms)


Started GET "/" for 127.0.0.1 at 2012-11-02 12:03:19 +0530
  Processing by ProcessCollectController#get_process as HTML
Rendered text template (0.0ms)
Completed 200 OK in 526ms (Views: 1.4ms | ActiveRecord: 0.0ms)


Started GET "/" for 127.0.0.1 at 2012-11-02 12:04:12 +0530
  Processing by ProcessCollectController#get_process as HTML
Rendered text template (0.0ms)
Completed 200 OK in 525ms (Views: 1.3ms | ActiveRecord: 0.0ms)


Started GET "/" for 127.0.0.1 at 2012-11-02 12:04:15 +0530
  Processing by ProcessCollectController#get_process as HTML
Rendered text template (0.0ms)
Completed 200 OK in 526ms (Views: 0.8ms | ActiveRecord: 0.0ms)


Started GET "/" for 127.0.0.1 at 2012-11-02 12:04:23 +0530
  Processing by ProcessCollectController#get_process as HTML
Rendered text template (0.0ms)
Completed 200 OK in 524ms (Views: 0.9ms | ActiveRecord: 0.0ms)


Started GET "/" for 127.0.0.1 at 2012-11-02 12:04:26 +0530
  Processing by ProcessCollectController#get_process as HTML
Rendered text template (0.0ms)
Completed 200 OK in 524ms (Views: 0.9ms | ActiveRecord: 0.0ms)


Started GET "/" for 127.0.0.1 at 2012-11-02 12:04:37 +0530
  Processing by ProcessCollectController#get_process as HTML
Rendered text template (0.0ms)
Completed 200 OK in 524ms (Views: 0.8ms | ActiveRecord: 0.0ms)


Started GET "/" for 127.0.0.1 at 2012-11-02 12:04:57 +0530
  Processing by ProcessCollectController#get_process as HTML
Rendered text template (0.0ms)
Completed 200 OK in 525ms (Views: 1.4ms | ActiveRecord: 0.0ms)


Started GET "/" for 127.0.0.1 at 2012-11-02 12:04:58 +0530
  Processing by ProcessCollectController#get_process as HTML
Rendered text template (0.0ms)
Completed 200 OK in 532ms (Views: 1.3ms | ActiveRecord: 0.0ms)


Started GET "/" for 127.0.0.1 at 2012-11-02 12:07:56 +0530
  Processing by ProcessCollectController#get_process as HTML
Rendered text template (0.0ms)
Completed 200 OK in 525ms (Views: 1.7ms | ActiveRecord: 0.0ms)


Started GET "/" for 127.0.0.1 at 2012-11-02 12:08:37 +0530
  Processing by ProcessCollectController#get_process as HTML
Rendered text template (0.0ms)
Completed 200 OK in 526ms (Views: 1.4ms | ActiveRecord: 0.0ms)


Started GET "/" for 127.0.0.1 at 2012-11-02 12:09:47 +0530
  Processing by ProcessCollectController#get_process as HTML
Rendered text template (0.0ms)
Completed 200 OK in 527ms (Views: 1.3ms | ActiveRecord: 0.0ms)


Started GET "/" for 127.0.0.1 at 2012-11-02 12:10:00 +0530
  Processing by ProcessCollectController#get_process as HTML
Rendered text template (0.0ms)
Completed 200 OK in 527ms (Views: 1.3ms | ActiveRecord: 0.0ms)


Started GET "/" for 127.0.0.1 at 2012-11-02 12:11:07 +0530
  Processing by ProcessCollectController#get_process as HTML
Rendered text template (0.0ms)
Completed 200 OK in 528ms (Views: 1.3ms | ActiveRecord: 0.0ms)


Started GET "/" for 127.0.0.1 at 2012-11-02 12:13:33 +0530
  Processing by ProcessCollectController#get_process as HTML
Completed 500 Internal Server Error in 525ms

ArgumentError (no block given):
  app/controllers/process_collect_controller.rb:8:in `chunk'
  app/controllers/process_collect_controller.rb:8:in `get_process'

Rendered /home/user/.rvm/gems/ruby-1.9.2-p290/gems/actionpack-3.0.11/lib/action_dispatch/middleware/templates/rescues/_trace.erb (1.3ms)
Rendered /home/user/.rvm/gems/ruby-1.9.2-p290/gems/actionpack-3.0.11/lib/action_dispatch/middleware/templates/rescues/_request_and_response.erb (2.1ms)
Rendered /home/user/.rvm/gems/ruby-1.9.2-p290/gems/actionpack-3.0.11/lib/action_dispatch/middleware/templates/rescues/diagnostics.erb within rescues/layout (6.7ms)


Started GET "/" for 127.0.0.1 at 2012-11-02 12:14:22 +0530
  Processing by ProcessCollectController#get_process as HTML
Rendered text template (0.0ms)
Completed 200 OK in 527ms (Views: 1.3ms | ActiveRecord: 0.0ms)


Started GET "/" for 127.0.0.1 at 2012-11-02 12:14:42 +0530
  Processing by ProcessCollectController#get_process as HTML
Rendered text template (0.0ms)
Completed 200 OK in 525ms (Views: 0.8ms | ActiveRecord: 0.0ms)


Started GET "/" for 127.0.0.1 at 2012-11-02 12:15:34 +0530
  Processing by ProcessCollectController#get_process as HTML
Rendered text template (0.0ms)
Completed 200 OK in 526ms (Views: 1.3ms | ActiveRecord: 0.0ms)


Started GET "/" for 127.0.0.1 at 2012-11-02 12:16:28 +0530
  Processing by ProcessCollectController#get_process as HTML
Rendered text template (0.0ms)
Completed 200 OK in 529ms (Views: 1.7ms | ActiveRecord: 0.0ms)


Started GET "/" for 127.0.0.1 at 2012-11-02 12:17:18 +0530
  Processing by ProcessCollectController#get_process as HTML
Rendered text template (0.0ms)
Completed 200 OK in 524ms (Views: 1.0ms | ActiveRecord: 0.0ms)


Started GET "/" for 127.0.0.1 at 2012-11-02 12:17:39 +0530
  Processing by ProcessCollectController#get_process as HTML
Rendered text template (0.0ms)
Completed 200 OK in 527ms (Views: 1.3ms | ActiveRecord: 0.0ms)


Started GET "/" for 127.0.0.1 at 2012-11-02 12:19:16 +0530
  Processing by ProcessCollectController#get_process as HTML
Completed 500 Internal Server Error in 525ms

NameError (undefined local variable or method `h' for #<ProcessCollectController:0x9d8e498>):
  app/controllers/process_collect_controller.rb:12:in `block in get_process'
  app/controllers/process_collect_controller.rb:10:in `each'
  app/controllers/process_collect_controller.rb:10:in `get_process'

Rendered /home/user/.rvm/gems/ruby-1.9.2-p290/gems/actionpack-3.0.11/lib/action_dispatch/middleware/templates/rescues/_trace.erb (1.3ms)
Rendered /home/user/.rvm/gems/ruby-1.9.2-p290/gems/actionpack-3.0.11/lib/action_dispatch/middleware/templates/rescues/_request_and_response.erb (2.2ms)
Rendered /home/user/.rvm/gems/ruby-1.9.2-p290/gems/actionpack-3.0.11/lib/action_dispatch/middleware/templates/rescues/diagnostics.erb within rescues/layout (6.7ms)


Started GET "/" for 127.0.0.1 at 2012-11-02 12:19:32 +0530
  Processing by ProcessCollectController#get_process as HTML
Rendered text template (0.0ms)
Completed 200 OK in 527ms (Views: 1.3ms | ActiveRecord: 0.0ms)


Started GET "/" for 127.0.0.1 at 2012-11-02 12:20:15 +0530
  Processing by ProcessCollectController#get_process as HTML
Rendered text template (0.0ms)
Completed 200 OK in 527ms (Views: 1.3ms | ActiveRecord: 0.0ms)


Started GET "/" for 127.0.0.1 at 2012-11-02 12:20:24 +0530
  Processing by ProcessCollectController#get_process as HTML
Rendered text template (0.0ms)
Completed 200 OK in 524ms (Views: 0.8ms | ActiveRecord: 0.0ms)


Started GET "/" for 127.0.0.1 at 2012-11-02 12:20:45 +0530
  Processing by ProcessCollectController#get_process as HTML
Rendered text template (0.0ms)
Completed 200 OK in 526ms (Views: 1.3ms | ActiveRecord: 0.0ms)


Started GET "/" for 127.0.0.1 at 2012-11-02 12:20:54 +0530
  Processing by ProcessCollectController#get_process as HTML
Completed 200 OK in 528ms (Views: 2.7ms | ActiveRecord: 0.0ms)


Started GET "/" for 127.0.0.1 at 2012-11-02 12:21:02 +0530
  Processing by ProcessCollectController#get_process as HTML
Rendered text template (0.0ms)
Completed 200 OK in 526ms (Views: 1.4ms | ActiveRecord: 0.0ms)


Started GET "/" for 127.0.0.1 at 2012-11-02 12:21:17 +0530
  Processing by ProcessCollectController#get_process as HTML
Rendered text template (0.0ms)
Completed 200 OK in 526ms (Views: 1.3ms | ActiveRecord: 0.0ms)


Started GET "/" for 127.0.0.1 at 2012-11-02 12:24:47 +0530
  Processing by ProcessCollectController#get_process as HTML
Rendered text template (0.0ms)
Completed 200 OK in 525ms (Views: 1.0ms | ActiveRecord: 0.0ms)


Started GET "/" for 127.0.0.1 at 2012-11-02 12:25:35 +0530
  Processing by ProcessCollectController#get_process as HTML
Rendered text template (0.0ms)
Completed 200 OK in 528ms (Views: 1.4ms | ActiveRecord: 0.0ms)


Started GET "/" for 127.0.0.1 at 2012-11-02 12:26:57 +0530
  Processing by ProcessCollectController#get_process as HTML
Rendered text template (0.0ms)
Completed 200 OK in 524ms (Views: 0.8ms | ActiveRecord: 0.0ms)


Started GET "/" for 127.0.0.1 at 2012-11-02 12:27:17 +0530
  Processing by ProcessCollectController#get_process as HTML
Rendered text template (0.0ms)
Completed 200 OK in 526ms (Views: 1.3ms | ActiveRecord: 0.0ms)


Started GET "/" for 127.0.0.1 at 2012-11-02 12:28:02 +0530
  Processing by ProcessCollectController#get_process as HTML
Rendered text template (0.0ms)
Completed 200 OK in 526ms (Views: 1.3ms | ActiveRecord: 0.0ms)


Started GET "/" for 127.0.0.1 at 2012-11-02 12:28:15 +0530
  Processing by ProcessCollectController#get_process as HTML
Rendered text template (0.0ms)
Completed 200 OK in 525ms (Views: 1.3ms | ActiveRecord: 0.0ms)


Started GET "/" for 127.0.0.1 at 2012-11-02 12:31:50 +0530
  Processing by ProcessCollectController#get_process as HTML
Rendered text template (0.0ms)
Completed 200 OK in 526ms (Views: 1.3ms | ActiveRecord: 0.0ms)


Started GET "/" for 127.0.0.1 at 2012-11-02 12:32:50 +0530
  Processing by ProcessCollectController#get_process as HTML
Rendered text template (0.0ms)
Completed 200 OK in 526ms (Views: 1.3ms | ActiveRecord: 0.0ms)


Started GET "/" for 127.0.0.1 at 2012-11-02 12:33:07 +0530
  Processing by ProcessCollectController#get_process as HTML
Rendered text template (0.0ms)
Completed 200 OK in 525ms (Views: 0.8ms | ActiveRecord: 0.0ms)


Started GET "/" for 127.0.0.1 at 2012-11-02 12:33:36 +0530
  Processing by ProcessCollectController#get_process as HTML
Rendered text template (0.0ms)
Completed 200 OK in 525ms (Views: 0.8ms | ActiveRecord: 0.0ms)


Started GET "/" for 127.0.0.1 at 2012-11-02 12:33:46 +0530
  Processing by ProcessCollectController#get_process as HTML
Rendered text template (0.0ms)
Completed 200 OK in 525ms (Views: 1.3ms | ActiveRecord: 0.0ms)


Started GET "/" for 127.0.0.1 at 2012-11-02 12:33:55 +0530
  Processing by ProcessCollectController#get_process as HTML
Rendered text template (0.0ms)
Completed 200 OK in 526ms (Views: 1.6ms | ActiveRecord: 0.0ms)


Started GET "/" for 127.0.0.1 at 2012-11-02 12:34:05 +0530
  Processing by ProcessCollectController#get_process as HTML
Rendered text template (0.0ms)
Completed 200 OK in 526ms (Views: 1.4ms | ActiveRecord: 0.0ms)


Started GET "/" for 127.0.0.1 at 2012-11-02 12:35:23 +0530
  Processing by ProcessCollectController#get_process as HTML
Completed 500 Internal Server Error in 526ms

NameError (undefined local variable or method `c' for #<ProcessCollectController:0x9da24e8>):
  app/controllers/process_collect_controller.rb:10:in `block in get_process'
  app/controllers/process_collect_controller.rb:9:in `each'
  app/controllers/process_collect_controller.rb:9:in `get_process'

Rendered /home/user/.rvm/gems/ruby-1.9.2-p290/gems/actionpack-3.0.11/lib/action_dispatch/middleware/templates/rescues/_trace.erb (1.3ms)
Rendered /home/user/.rvm/gems/ruby-1.9.2-p290/gems/actionpack-3.0.11/lib/action_dispatch/middleware/templates/rescues/_request_and_response.erb (2.1ms)
Rendered /home/user/.rvm/gems/ruby-1.9.2-p290/gems/actionpack-3.0.11/lib/action_dispatch/middleware/templates/rescues/diagnostics.erb within rescues/layout (6.5ms)


Started GET "/" for 127.0.0.1 at 2012-11-02 12:35:37 +0530
  Processing by ProcessCollectController#get_process as HTML
Rendered text template (0.0ms)
Completed 200 OK in 526ms (Views: 0.8ms | ActiveRecord: 0.0ms)


Started GET "/" for 127.0.0.1 at 2012-11-02 12:35:40 +0530
  Processing by ProcessCollectController#get_process as HTML
Rendered text template (0.0ms)
Completed 200 OK in 526ms (Views: 1.3ms | ActiveRecord: 0.0ms)


Started GET "/" for 127.0.0.1 at 2012-11-02 12:35:41 +0530
  Processing by ProcessCollectController#get_process as HTML
Rendered text template (0.0ms)
Completed 200 OK in 525ms (Views: 1.3ms | ActiveRecord: 0.0ms)


Started GET "/" for 127.0.0.1 at 2012-11-02 12:35:42 +0530
  Processing by ProcessCollectController#get_process as HTML
Rendered text template (0.0ms)
Completed 200 OK in 525ms (Views: 1.3ms | ActiveRecord: 0.0ms)


Started GET "/" for 127.0.0.1 at 2012-11-02 12:39:20 +0530
  Processing by ProcessCollectController#show as HTML
Rendered process_collect/show.html.erb within layouts/application (26.5ms)
Completed 200 OK in 30ms (Views: 29.9ms | ActiveRecord: 0.0ms)


Started GET "/" for 127.0.0.1 at 2012-11-02 12:39:23 +0530
  Processing by ProcessCollectController#show as HTML
Rendered process_collect/show.html.erb within layouts/application (2.3ms)
Completed 200 OK in 6ms (Views: 6.0ms | ActiveRecord: 0.0ms)
DEPRECATION WARNING: config.action_view.debug_rjs will be removed in 3.1, from 3.1 onwards you will need to install prototype-rails to continue to use RJS templates . (called from service at /home/user/.rvm/rubies/ruby-1.9.2-p290/lib/ruby/1.9.1/webrick/httpserver.rb:111)


Started GET "/" for 127.0.0.1 at 2012-11-02 12:39:39 +0530
  Processing by ProcessCollectController#show as HTML
Rendered process_collect/show.html.erb within layouts/application (2.6ms)
Completed 200 OK in 6ms (Views: 5.9ms | ActiveRecord: 0.0ms)


Started GET "/" for 127.0.0.1 at 2012-11-02 12:40:13 +0530
  Processing by ProcessCollectController#show as HTML
Rendered process_collect/show.html.erb within layouts/application (2.3ms)
Completed 200 OK in 6ms (Views: 5.5ms | ActiveRecord: 0.0ms)


Started GET "/process_memory" for 127.0.0.1 at 2012-11-02 12:40:14 +0530
  Processing by ProcessCollectController#get_process as HTML
Rendered text template (0.0ms)
Completed 200 OK in 533ms (Views: 8.3ms | ActiveRecord: 0.0ms)


Started GET "/process_memory" for 127.0.0.1 at 2012-11-02 12:40:41 +0530
  Processing by ProcessCollectController#get_process as HTML
Rendered text template (0.0ms)
Completed 200 OK in 526ms (Views: 0.8ms | ActiveRecord: 0.0ms)


Started GET "/process_memory" for 127.0.0.1 at 2012-11-02 12:41:04 +0530
  Processing by ProcessCollectController#get_process as HTML
Rendered text template (0.0ms)
Completed 200 OK in 522ms (Views: 0.9ms | ActiveRecord: 0.0ms)


Started GET "/process_memory" for 127.0.0.1 at 2012-11-02 12:41:07 +0530
  Processing by ProcessCollectController#get_process as HTML
Rendered text template (0.0ms)
Completed 200 OK in 526ms (Views: 1.3ms | ActiveRecord: 0.0ms)


Started GET "/process_memory" for 127.0.0.1 at 2012-11-02 12:41:09 +0530
  Processing by ProcessCollectController#get_process as HTML
Rendered text template (0.0ms)
Completed 200 OK in 526ms (Views: 1.3ms | ActiveRecord: 0.0ms)


Started GET "/process_memory" for 127.0.0.1 at 2012-11-02 12:41:29 +0530
  Processing by ProcessCollectController#get_process as HTML
Rendered text template (0.0ms)
Completed 200 OK in 526ms (Views: 0.8ms | ActiveRecord: 0.0ms)


Started GET "/process_memory" for 127.0.0.1 at 2012-11-02 12:42:37 +0530
  Processing by ProcessCollectController#get_process as HTML
Rendered process_collect/get_process.html.erb within layouts/application (2.3ms)
Completed 200 OK in 528ms (Views: 6.0ms | ActiveRecord: 0.0ms)


Started GET "/process_memory" for 127.0.0.1 at 2012-11-02 12:42:40 +0530
  Processing by ProcessCollectController#get_process as HTML
Rendered process_collect/get_process.html.erb within layouts/application (2.5ms)
Completed 200 OK in 529ms (Views: 6.3ms | ActiveRecord: 0.0ms)


Started GET "/process_memory" for 127.0.0.1 at 2012-11-02 12:45:06 +0530
  Processing by ProcessCollectController#get_process as HTML
Rendered process_collect/get_process.html.erb within layouts/application (2.5ms)
Completed 200 OK in 532ms (Views: 7.6ms | ActiveRecord: 0.0ms)


Started GET "/process_memory" for 127.0.0.1 at 2012-11-02 12:45:25 +0530
  Processing by ProcessCollectController#get_process as HTML
Rendered process_collect/get_process.html.erb within layouts/application (2.5ms)
Completed 200 OK in 527ms (Views: 6.1ms | ActiveRecord: 0.0ms)


Started GET "/process_memory" for 127.0.0.1 at 2012-11-02 12:46:42 +0530
  Processing by ProcessCollectController#get_process as HTML
Rendered process_collect/get_process.html.erb within layouts/application (28.4ms)
Completed 200 OK in 556ms (Views: 32.0ms | ActiveRecord: 0.0ms)


Started GET "/process_memory" for 127.0.0.1 at 2012-11-02 12:49:20 +0530
  Processing by ProcessCollectController#get_process as HTML
Rendered process_collect/get_process.html.erb within layouts/application (2.8ms)
Completed 200 OK in 531ms (Views: 6.5ms | ActiveRecord: 0.0ms)


Started GET "/" for 127.0.0.1 at 2012-11-02 12:49:25 +0530
  Processing by ProcessCollectController#show as HTML
Rendered process_collect/show.html.erb within layouts/application (2.5ms)
Completed 200 OK in 6ms (Views: 5.7ms | ActiveRecord: 0.0ms)


Started GET "/process_memory" for 127.0.0.1 at 2012-11-02 12:49:26 +0530
  Processing by ProcessCollectController#get_process as HTML
Rendered process_collect/get_process.html.erb within layouts/application (2.5ms)
Completed 200 OK in 531ms (Views: 7.4ms | ActiveRecord: 0.0ms)
DEPRECATION WARNING: config.action_view.debug_rjs will be removed in 3.1, from 3.1 onwards you will need to install prototype-rails to continue to use RJS templates . (called from service at /home/user/.rvm/rubies/ruby-1.9.2-p290/lib/ruby/1.9.1/webrick/httpserver.rb:111)


Started GET "/" for 127.0.0.1 at 2012-11-02 12:49:40 +0530
  Processing by ProcessCollectController#show as HTML
Rendered process_collect/show.html.erb within layouts/application (2.4ms)
Completed 200 OK in 6ms (Views: 5.9ms | ActiveRecord: 0.0ms)


Started GET "/process_memory" for 127.0.0.1 at 2012-11-02 12:49:42 +0530
  Processing by ProcessCollectController#get_process as HTML
Rendered process_collect/get_process.html.erb within layouts/application (3.4ms)
Completed 200 OK in 534ms (Views: 9.7ms | ActiveRecord: 0.0ms)


Started GET "/process_memory" for 127.0.0.1 at 2012-11-02 12:50:26 +0530
  Processing by ProcessCollectController#get_process as HTML
Rendered process_collect/get_process.html.erb within layouts/application (4.9ms)
Completed 200 OK in 537ms (Views: 11.9ms | ActiveRecord: 0.0ms)


Started GET "/process_memory" for 127.0.0.1 at 2012-11-02 12:51:04 +0530
  Processing by ProcessCollectController#get_process as HTML
Rendered process_collect/get_process.html.erb within layouts/application (3.5ms)
Completed 200 OK in 536ms (Views: 10.5ms | ActiveRecord: 0.0ms)


Started GET "/process_memory" for 127.0.0.1 at 2012-11-02 12:51:26 +0530
  Processing by ProcessCollectController#get_process as HTML
Rendered process_collect/get_process.html.erb within layouts/application (2.8ms)
Completed 200 OK in 534ms (Views: 7.9ms | ActiveRecord: 0.0ms)


Started GET "/" for 127.0.0.1 at 2012-11-02 12:52:47 +0530
  Processing by ProcessCollectController#show as HTML
Rendered process_collect/show.html.erb within layouts/application (2.5ms)
Completed 200 OK in 6ms (Views: 5.8ms | ActiveRecord: 0.0ms)


Started GET "/" for 127.0.0.1 at 2012-11-02 12:52:47 +0530
  Processing by ProcessCollectController#show as HTML
Rendered process_collect/show.html.erb within layouts/application (2.4ms)
Completed 200 OK in 6ms (Views: 5.7ms | ActiveRecord: 0.0ms)


Started GET "/process_memory" for 127.0.0.1 at 2012-11-02 12:52:48 +0530
  Processing by ProcessCollectController#get_process as HTML
Rendered process_collect/get_process.html.erb within layouts/application (28.7ms)
Completed 200 OK in 560ms (Views: 35.1ms | ActiveRecord: 0.0ms)


Started GET "/process_memory" for 127.0.0.1 at 2012-11-02 12:53:14 +0530
  Processing by ProcessCollectController#get_process as HTML
Rendered process_collect/get_process.html.erb within layouts/application (2.8ms)
Completed 200 OK in 528ms (Views: 7.8ms | ActiveRecord: 0.0ms)


Started GET "/" for 127.0.0.1 at 2012-11-02 12:53:29 +0530
  Processing by ProcessCollectController#show as HTML
Rendered process_collect/show.html.erb within layouts/application (2.4ms)
Completed 200 OK in 6ms (Views: 5.7ms | ActiveRecord: 0.0ms)


Started GET "/" for 127.0.0.1 at 2012-11-02 12:53:31 +0530
  Processing by ProcessCollectController#show as HTML
Rendered process_collect/show.html.erb within layouts/application (2.3ms)
Completed 200 OK in 6ms (Views: 5.6ms | ActiveRecord: 0.0ms)


Started GET "/process_memory" for 127.0.0.1 at 2012-11-02 12:53:31 +0530
  Processing by ProcessCollectController#get_process as HTML
Rendered process_collect/get_process.html.erb within layouts/application (2.6ms)
Completed 200 OK in 531ms (Views: 6.3ms | ActiveRecord: 0.0ms)


Started GET "/" for 127.0.0.1 at 2012-11-02 12:53:42 +0530
  Processing by ProcessCollectController#show as HTML
Rendered process_collect/show.html.erb within layouts/application (2.4ms)
Completed 200 OK in 6ms (Views: 5.6ms | ActiveRecord: 0.0ms)


Started GET "/process_memory" for 127.0.0.1 at 2012-11-02 12:53:43 +0530
  Processing by ProcessCollectController#get_process as HTML
Rendered process_collect/get_process.html.erb within layouts/application (4.8ms)
Completed 200 OK in 541ms (Views: 11.2ms | ActiveRecord: 0.0ms)


Started GET "/process_memory" for 127.0.0.1 at 2012-11-02 12:53:56 +0530
  Processing by ProcessCollectController#get_process as HTML
Rendered process_collect/get_process.html.erb within layouts/application (2.7ms)
Completed 200 OK in 534ms (Views: 8.9ms | ActiveRecord: 0.0ms)


Started GET "/" for 127.0.0.1 at 2012-11-02 12:54:19 +0530
  Processing by ProcessCollectController#show as HTML
Rendered process_collect/show.html.erb within layouts/application (2.6ms)
Completed 200 OK in 6ms (Views: 5.8ms | ActiveRecord: 0.0ms)


Started GET "/process_memory" for 127.0.0.1 at 2012-11-02 12:54:20 +0530
  Processing by ProcessCollectController#get_process as HTML
Rendered process_collect/get_process.html.erb within layouts/application (3.8ms)
Completed 200 OK in 535ms (Views: 10.2ms | ActiveRecord: 0.0ms)


Started GET "/process_memory" for 127.0.0.1 at 2012-11-02 12:54:27 +0530
  Processing by ProcessCollectController#get_process as HTML
Rendered process_collect/get_process.html.erb within layouts/application (2.9ms)
Completed 200 OK in 535ms (Views: 8.6ms | ActiveRecord: 0.0ms)


Started GET "/" for 127.0.0.1 at 2012-11-02 12:58:01 +0530
  Processing by ProcessCollectController#show as HTML
Rendered process_collect/show.html.erb within layouts/application (2.6ms)
Completed 200 OK in 6ms (Views: 5.8ms | ActiveRecord: 0.0ms)


Started GET "/" for 127.0.0.1 at 2012-11-02 12:58:11 +0530
  Processing by ProcessCollectController#show as HTML
Rendered process_collect/show.html.erb within layouts/application (2.5ms)
Completed 200 OK in 6ms (Views: 5.8ms | ActiveRecord: 0.0ms)


Started GET "/cpu_memory" for 127.0.0.1 at 2012-11-02 12:58:13 +0530
  Processing by ProcessCollectController#get_process_cpu as HTML
Rendered process_collect/get_process_cpu.html.erb within layouts/application (2.6ms)
Completed 200 OK in 533ms (Views: 7.3ms | ActiveRecord: 0.0ms)


Started GET "/cpu_memory" for 127.0.0.1 at 2012-11-02 12:58:19 +0530
  Processing by ProcessCollectController#get_process_cpu as HTML
Rendered process_collect/get_process_cpu.html.erb within layouts/application (2.5ms)
Completed 200 OK in 530ms (Views: 6.1ms | ActiveRecord: 0.0ms)


Started GET "/" for 127.0.0.1 at 2012-11-02 12:58:22 +0530
  Processing by ProcessCollectController#show as HTML
Rendered process_collect/show.html.erb within layouts/application (2.5ms)
Completed 200 OK in 6ms (Views: 5.8ms | ActiveRecord: 0.0ms)


Started GET "/process_memory" for 127.0.0.1 at 2012-11-02 12:58:23 +0530
  Processing by ProcessCollectController#get_process as HTML
Rendered process_collect/get_process.html.erb within layouts/application (2.6ms)
Completed 200 OK in 532ms (Views: 6.3ms | ActiveRecord: 0.0ms)


Started GET "/cpu_memory" for 127.0.0.1 at 2012-11-02 12:58:27 +0530
  Processing by ProcessCollectController#get_process_cpu as HTML
Rendered process_collect/get_process_cpu.html.erb within layouts/application (2.5ms)
Completed 200 OK in 532ms (Views: 7.5ms | ActiveRecord: 0.0ms)


Started GET "/cpu_memory" for 127.0.0.1 at 2012-11-02 12:59:43 +0530
  Processing by ProcessCollectController#get_process_cpu as HTML
Rendered process_collect/get_process_cpu.html.erb within layouts/application (5.3ms)
Completed 200 OK in 537ms (Views: 11.7ms | ActiveRecord: 0.0ms)


Started GET "/" for 127.0.0.1 at 2012-11-02 13:00:08 +0530
  Processing by ProcessCollectController#show as HTML
Rendered process_collect/show.html.erb within layouts/application (2.7ms)
Completed 200 OK in 6ms (Views: 6.0ms | ActiveRecord: 0.0ms)


Started GET "/process_memory" for 127.0.0.1 at 2012-11-02 13:00:10 +0530
  Processing by ProcessCollectController#get_process as HTML
Rendered process_collect/get_process.html.erb within layouts/application (4.8ms)
Completed 200 OK in 537ms (Views: 11.3ms | ActiveRecord: 0.0ms)


Started GET "/cpu_memory" for 127.0.0.1 at 2012-11-02 13:00:13 +0530
  Processing by ProcessCollectController#get_process_cpu as HTML
Rendered process_collect/get_process_cpu.html.erb within layouts/application (2.5ms)
Completed 200 OK in 533ms (Views: 8.4ms | ActiveRecord: 0.0ms)


Started GET "/" for 127.0.0.1 at 2012-11-02 13:00:39 +0530
  Processing by ProcessCollectController#show as HTML
Rendered process_collect/show.html.erb within layouts/application (2.5ms)
Completed 200 OK in 6ms (Views: 5.8ms | ActiveRecord: 0.0ms)


Started GET "/" for 127.0.0.1 at 2012-11-02 13:00:52 +0530
  Processing by ProcessCollectController#show as HTML
Rendered process_collect/show.html.erb within layouts/application (2.6ms)
Completed 200 OK in 6ms (Views: 5.9ms | ActiveRecord: 0.0ms)


Started GET "/process_memory" for 127.0.0.1 at 2012-11-02 13:00:53 +0530
  Processing by ProcessCollectController#get_process as HTML
Rendered process_collect/get_process.html.erb within layouts/application (2.9ms)
Completed 200 OK in 533ms (Views: 7.1ms | ActiveRecord: 0.0ms)


Started GET "/cpu_memory" for 127.0.0.1 at 2012-11-02 13:00:57 +0530
  Processing by ProcessCollectController#get_process_cpu as HTML
Rendered process_collect/get_process_cpu.html.erb within layouts/application (2.6ms)
Completed 200 OK in 532ms (Views: 6.4ms | ActiveRecord: 0.0ms)


Started GET "/process_memory" for 127.0.0.1 at 2012-11-02 13:13:11 +0530
  Processing by ProcessCollectController#get_process as HTML
Rendered process_collect/get_process.html.erb within layouts/application (2.6ms)
Completed 200 OK in 529ms (Views: 6.2ms | ActiveRecord: 0.0ms)


Started GET "/cpu_memory" for 127.0.0.1 at 2012-11-02 13:13:31 +0530
  Processing by ProcessCollectController#get_process_cpu as HTML
Rendered process_collect/get_process_cpu.html.erb within layouts/application (2.6ms)
Completed 200 OK in 533ms (Views: 9.0ms | ActiveRecord: 0.0ms)


Started GET "/process_memory" for 127.0.0.1 at 2012-11-02 13:14:18 +0530
  Processing by ProcessCollectController#get_process as HTML
Rendered process_collect/get_process.html.erb within layouts/application (2.7ms)
Completed 200 OK in 562ms (Views: 8.6ms | ActiveRecord: 0.0ms)
